<?xml version="1.0" encoding="UTF-8"?>
<testsuite xmlns:xsi="http://www.w3.org/2001/XMLSchema-instance" xsi:noNamespaceSchemaLocation="https://maven.apache.org/surefire/maven-surefire-plugin/xsd/surefire-test-report-3.0.xsd" version="3.0" name="com.example.realtimetranslator.RealTimeTranslatorApplicationTests" time="4.328" tests="1" errors="0" skipped="0" failures="0">
  <properties>
[...]
</properties>
  <testcase name="contextLoads" classname="com.example.realtimetranslator.RealTimeTranslatorApplicationTests" time="0.891">
    <system-out><![CDATA[16:40:06.510 [main] INFO org.springframework.test.context.support.AnnotationConfigContextLoaderUtils -- Could not detect default configuration classes for test class [com.example.realtimetranslator.RealTimeTranslatorApplicationTests]: RealTimeTranslatorApplicationTests does not declare any static, non-private, non-final, nested classes annotated with @Configuration.
16:40:06.630 [main] INFO org.springframework.boot.test.context.SpringBootTestContextBootstrapper -- Found @SpringBootConfiguration com.example.realtimetranslator.RealTimeTranslatorApplication for test class com.example.realtimetranslator.RealTimeTranslatorApplicationTests
16:40:06.815 [main] INFO org.springframework.boot.devtools.restart.RestartApplicationListener -- Restart disabled due to context in which it is running

  .   ____          _            __ _ _
 /\\ / ___'_ __ _ _(_)_ __  __ _ \ \ \ \
( ( )\___ | '_ | '_| | '_ \/ _` | \ \ \ \
 \\/  ___)| |_)| | | | | || (_| |  ) ) ) )
  '  |____| .__|_| |_|_| |_\__, | / / / /
 =========|_|==============|___/=/_/_/_/

 :: Spring Boot ::                (v3.3.5)

2024-10-31T16:40:07.063+05:30  INFO 18304 --- [RealTimeTranslator] [           main] c.e.r.RealTimeTranslatorApplicationTests : Starting RealTimeTranslatorApplicationTests using Java 21.0.5 with PID 18304 (started by ManikantaAbburi in C:\Users\ManikantaAbburi\IdeaProjects\RealTimeTranslator)
2024-10-31T16:40:07.064+05:30  INFO 18304 --- [RealTimeTranslator] [           main] c.e.r.RealTimeTranslatorApplicationTests : No active profile set, falling back to 1 default profile: "default"
2024-10-31T16:40:07.772+05:30  INFO 18304 --- [RealTimeTranslator] [           main] .s.d.r.c.RepositoryConfigurationDelegate : Bootstrapping Spring Data MongoDB repositories in DEFAULT mode.
2024-10-31T16:40:07.835+05:30  INFO 18304 --- [RealTimeTranslator] [           main] .s.d.r.c.RepositoryConfigurationDelegate : Finished Spring Data repository scanning in 58 ms. Found 1 MongoDB repository interface.
2024-10-31T16:40:08.317+05:30  INFO 18304 --- [RealTimeTranslator] [24k.mongodb.net] org.mongodb.driver.cluster               : Adding discovered server cluster0-shard-00-01.kp24k.mongodb.net:27017 to client view of cluster
2024-10-31T16:40:08.345+05:30  INFO 18304 --- [RealTimeTranslator] [           main] org.mongodb.driver.client                : MongoClient with metadata {"driver": {"name": "mongo-java-driver|sync|spring-boot", "version": "5.0.1"}, "os": {"type": "Windows", "name": "Windows 11", "architecture": "amd64", "version": "10.0"}, "platform": "Java/Oracle Corporation/21.0.5+9-LTS-239"} created with settings MongoClientSettings{readPreference=primary, writeConcern=WriteConcern{w=majority, wTimeout=null ms, journal=null}, retryWrites=true, retryReads=true, readConcern=ReadConcern{level=null}, credential=MongoCredential{mechanism=null, userName='manikantaabburi', source='admin', password=<hidden>, mechanismProperties=<hidden>}, transportSettings=null, commandListeners=[], codecRegistry=ProvidersCodecRegistry{codecProviders=[ValueCodecProvider{}, BsonValueCodecProvider{}, DBRefCodecProvider{}, DBObjectCodecProvider{}, DocumentCodecProvider{}, CollectionCodecProvider{}, IterableCodecProvider{}, MapCodecProvider{}, GeoJsonCodecProvider{}, GridFSFileCodecProvider{}, Jsr310CodecProvider{}, JsonObjectCodecProvider{}, BsonCodecProvider{}, EnumCodecProvider{}, com.mongodb.client.model.mql.ExpressionCodecProvider@5a917723, com.mongodb.Jep395RecordCodecProvider@7e4579c7, com.mongodb.KotlinCodecProvider@796f632b]}, loggerSettings=LoggerSettings{maxDocumentLength=1000}, clusterSettings={hosts=[127.0.0.1:27017], srvHost=cluster0.kp24k.mongodb.net, srvServiceName=mongodb, mode=MULTIPLE, requiredClusterType=REPLICA_SET, requiredReplicaSetName='atlas-ga3chb-shard-0', serverSelector='null', clusterListeners='[]', serverSelectionTimeout='30000 ms', localThreshold='15 ms'}, socketSettings=SocketSettings{connectTimeoutMS=10000, readTimeoutMS=0, receiveBufferSize=0, proxySettings=ProxySettings{host=null, port=null, username=null, password=null}}, heartbeatSocketSettings=SocketSettings{connectTimeoutMS=10000, readTimeoutMS=10000, receiveBufferSize=0, proxySettings=ProxySettings{host=null, port=null, username=null, password=null}}, connectionPoolSettings=ConnectionPoolSettings{maxSize=100, minSize=0, maxWaitTimeMS=120000, maxConnectionLifeTimeMS=0, maxConnectionIdleTimeMS=0, maintenanceInitialDelayMS=0, maintenanceFrequencyMS=60000, connectionPoolListeners=[], maxConnecting=2}, serverSettings=ServerSettings{heartbeatFrequencyMS=10000, minHeartbeatFrequencyMS=500, serverListeners='[]', serverMonitorListeners='[]'}, sslSettings=SslSettings{enabled=true, invalidHostNameAllowed=false, context=null}, applicationName='null', compressorList=[], uuidRepresentation=JAVA_LEGACY, serverApi=null, autoEncryptionSettings=null, dnsClient=null, inetAddressResolver=null, contextProvider=null}
2024-10-31T16:40:08.349+05:30  INFO 18304 --- [RealTimeTranslator] [24k.mongodb.net] org.mongodb.driver.cluster               : Adding discovered server cluster0-shard-00-02.kp24k.mongodb.net:27017 to client view of cluster
2024-10-31T16:40:08.351+05:30  INFO 18304 --- [RealTimeTranslator] [24k.mongodb.net] org.mongodb.driver.cluster               : Adding discovered server cluster0-shard-00-00.kp24k.mongodb.net:27017 to client view of cluster
2024-10-31T16:40:09.184+05:30  INFO 18304 --- [RealTimeTranslator] [ngodb.net:27017] org.mongodb.driver.cluster               : Monitor thread successfully connected to server with description ServerDescription{address=cluster0-shard-00-01.kp24k.mongodb.net:27017, type=REPLICA_SET_SECONDARY, state=CONNECTED, ok=true, minWireVersion=0, maxWireVersion=21, maxDocumentSize=16777216, logicalSessionTimeoutMinutes=30, roundTripTimeNanos=436102000, setName='atlas-ga3chb-shard-0', canonicalAddress=cluster0-shard-00-01.kp24k.mongodb.net:27017, hosts=[cluster0-shard-00-00.kp24k.mongodb.net:27017, cluster0-shard-00-01.kp24k.mongodb.net:27017, cluster0-shard-00-02.kp24k.mongodb.net:27017], passives=[], arbiters=[], primary='cluster0-shard-00-02.kp24k.mongodb.net:27017', tagSet=TagSet{[Tag{name='availabilityZone', value='aps1-az3'}, Tag{name='diskState', value='READY'}, Tag{name='nodeType', value='ELECTABLE'}, Tag{name='provider', value='AWS'}, Tag{name='region', value='AP_SOUTH_1'}, Tag{name='workloadType', value='OPERATIONAL'}]}, electionId=null, setVersion=113, topologyVersion=TopologyVersion{processId=6721e4a273d294dd7357e01f, counter=3}, lastWriteDate=Thu Oct 31 16:40:08 IST 2024, lastUpdateTimeNanos=2846031800000}
2024-10-31T16:40:09.184+05:30  INFO 18304 --- [RealTimeTranslator] [ngodb.net:27017] org.mongodb.driver.cluster               : Monitor thread successfully connected to server with description ServerDescription{address=cluster0-shard-00-00.kp24k.mongodb.net:27017, type=REPLICA_SET_SECONDARY, state=CONNECTED, ok=true, minWireVersion=0, maxWireVersion=21, maxDocumentSize=16777216, logicalSessionTimeoutMinutes=30, roundTripTimeNanos=413665500, setName='atlas-ga3chb-shard-0', canonicalAddress=cluster0-shard-00-00.kp24k.mongodb.net:27017, hosts=[cluster0-shard-00-00.kp24k.mongodb.net:27017, cluster0-shard-00-01.kp24k.mongodb.net:27017, cluster0-shard-00-02.kp24k.mongodb.net:27017], passives=[], arbiters=[], primary='cluster0-shard-00-02.kp24k.mongodb.net:27017', tagSet=TagSet{[Tag{name='availabilityZone', value='aps1-az1'}, Tag{name='diskState', value='READY'}, Tag{name='nodeType', value='ELECTABLE'}, Tag{name='provider', value='AWS'}, Tag{name='region', value='AP_SOUTH_1'}, Tag{name='workloadType', value='OPERATIONAL'}]}, electionId=null, setVersion=113, topologyVersion=TopologyVersion{processId=6721e35e5ef91f3886299529, counter=4}, lastWriteDate=Thu Oct 31 16:40:08 IST 2024, lastUpdateTimeNanos=2846031737500}
2024-10-31T16:40:09.184+05:30  INFO 18304 --- [RealTimeTranslator] [ngodb.net:27017] org.mongodb.driver.cluster               : Monitor thread successfully connected to server with description ServerDescription{address=cluster0-shard-00-02.kp24k.mongodb.net:27017, type=REPLICA_SET_PRIMARY, state=CONNECTED, ok=true, minWireVersion=0, maxWireVersion=21, maxDocumentSize=16777216, logicalSessionTimeoutMinutes=30, roundTripTimeNanos=437807200, setName='atlas-ga3chb-shard-0', canonicalAddress=cluster0-shard-00-02.kp24k.mongodb.net:27017, hosts=[cluster0-shard-00-00.kp24k.mongodb.net:27017, cluster0-shard-00-01.kp24k.mongodb.net:27017, cluster0-shard-00-02.kp24k.mongodb.net:27017], passives=[], arbiters=[], primary='cluster0-shard-00-02.kp24k.mongodb.net:27017', tagSet=TagSet{[Tag{name='availabilityZone', value='aps1-az2'}, Tag{name='diskState', value='READY'}, Tag{name='nodeType', value='ELECTABLE'}, Tag{name='provider', value='AWS'}, Tag{name='region', value='AP_SOUTH_1'}, Tag{name='workloadType', value='OPERATIONAL'}]}, electionId=7fffffff0000000000000077, setVersion=113, topologyVersion=TopologyVersion{processId=6721e24a7c781835633c1746, counter=6}, lastWriteDate=Thu Oct 31 16:40:08 IST 2024, lastUpdateTimeNanos=2846031812500}
2024-10-31T16:40:09.195+05:30  INFO 18304 --- [RealTimeTranslator] [ngodb.net:27017] org.mongodb.driver.cluster               : Discovered replica set primary cluster0-shard-00-02.kp24k.mongodb.net:27017 with max election id 7fffffff0000000000000077 and max set version 113
2024-10-31T16:40:09.716+05:30  INFO 18304 --- [RealTimeTranslator] [           main] c.e.r.RealTimeTranslatorApplicationTests : Started RealTimeTranslatorApplicationTests in 2.921 seconds (process running for 3.958)
]]></system-out>
    <system-err><![CDATA[WARNING: A Java agent has been loaded dynamically (C:\Users\ManikantaAbburi\.m2\repository\net\bytebuddy\byte-buddy-agent\1.14.19\byte-buddy-agent-1.14.19.jar)
WARNING: If a serviceability tool is in use, please run with -XX:+EnableDynamicAgentLoading to hide this warning
WARNING: If a serviceability tool is not in use, please run with -Djdk.instrument.traceUsage for more information
WARNING: Dynamic loading of agents will be disallowed by default in a future release
]]></system-err>
  </testcase>
</testsuite>